<?xml version="1.0" encoding="UTF-8"?>
<coverage generated="1715956189780" clover="3.2.0">
  <project timestamp="1715956189780" name="All files">
    <metrics statements="93" coveredstatements="86" conditionals="31" coveredconditionals="26" methods="18" coveredmethods="15" elements="142" coveredelements="127" complexity="0" loc="93" ncloc="93" packages="1" files="1" classes="1"/>
    <file name="index.ts" path="/Users/ehsan/project/dynamic-array/src/index.ts">
      <metrics statements="93" coveredstatements="86" conditionals="31" coveredconditionals="26" methods="18" coveredmethods="15"/>
      <line num="12" count="1" type="stmt"/>
      <line num="20" count="0" type="stmt"/>
      <line num="21" count="0" type="stmt"/>
      <line num="24" count="1" type="stmt"/>
      <line num="25" count="6" type="stmt"/>
      <line num="27" count="6" type="stmt"/>
      <line num="28" count="6" type="stmt"/>
      <line num="29" count="6" type="stmt"/>
      <line num="33" count="6" type="stmt"/>
      <line num="38" count="6" type="stmt"/>
      <line num="40" count="6" type="stmt"/>
      <line num="42" count="2" type="stmt"/>
      <line num="47" count="6" type="cond" truecount="0" falsecount="1"/>
      <line num="48" count="0" type="stmt"/>
      <line num="51" count="6" type="cond" truecount="0" falsecount="1"/>
      <line num="52" count="0" type="stmt"/>
      <line num="55" count="6" type="cond" truecount="1" falsecount="0"/>
      <line num="56" count="1" type="stmt"/>
      <line num="59" count="5" type="cond" truecount="1" falsecount="0"/>
      <line num="60" count="1" type="stmt"/>
      <line num="63" count="4" type="cond" truecount="1" falsecount="0"/>
      <line num="64" count="1" type="stmt"/>
      <line num="67" count="3" type="cond" truecount="1" falsecount="0"/>
      <line num="68" count="1" type="stmt"/>
      <line num="74" count="4" type="cond" truecount="1" falsecount="0"/>
      <line num="75" count="1" type="stmt"/>
      <line num="78" count="4" type="stmt"/>
      <line num="79" count="4" type="stmt"/>
      <line num="80" count="4" type="stmt"/>
      <line num="85" count="4" type="cond" truecount="1" falsecount="0"/>
      <line num="86" count="1" type="stmt"/>
      <line num="89" count="4" type="stmt"/>
      <line num="90" count="4" type="stmt"/>
      <line num="91" count="4" type="stmt"/>
      <line num="95" count="9" type="stmt"/>
      <line num="96" count="9" type="cond" truecount="1" falsecount="1"/>
      <line num="98" count="9" type="cond" truecount="0" falsecount="1"/>
      <line num="99" count="0" type="stmt"/>
      <line num="105" count="8" type="stmt"/>
      <line num="106" count="48" type="stmt"/>
      <line num="107" count="42" type="stmt"/>
      <line num="109" count="8" type="cond" truecount="3" falsecount="0"/>
      <line num="110" count="2" type="cond" truecount="2" falsecount="0"/>
      <line num="111" count="1" type="stmt"/>
      <line num="116" count="1" type="stmt"/>
      <line num="117" count="1" type="cond" truecount="1" falsecount="0"/>
      <line num="118" count="1" type="stmt"/>
      <line num="124" count="1" type="stmt"/>
      <line num="126" count="2" type="stmt"/>
      <line num="129" count="20" type="stmt"/>
      <line num="130" count="6" type="cond" truecount="1" falsecount="0"/>
      <line num="131" count="3" type="cond" truecount="2" falsecount="0"/>
      <line num="132" count="2" type="stmt"/>
      <line num="135" count="2" type="stmt"/>
      <line num="136" count="1" type="cond" truecount="1" falsecount="1"/>
      <line num="137" count="1" type="stmt"/>
      <line num="140" count="1" type="stmt"/>
      <line num="142" count="0" type="stmt"/>
      <line num="147" count="0" type="stmt"/>
      <line num="150" count="3" type="stmt"/>
      <line num="153" count="3" type="stmt"/>
      <line num="154" count="3" type="stmt"/>
      <line num="156" count="3" type="stmt"/>
      <line num="157" count="3" type="stmt"/>
      <line num="161" count="3" type="cond" truecount="4" falsecount="0"/>
      <line num="162" count="2" type="stmt"/>
      <line num="163" count="2" type="stmt"/>
      <line num="169" count="2" type="stmt"/>
      <line num="171" count="2" type="stmt"/>
      <line num="173" count="1" type="stmt"/>
      <line num="184" count="7" type="stmt"/>
      <line num="185" count="7" type="stmt"/>
      <line num="186" count="7" type="stmt"/>
      <line num="187" count="7" type="stmt"/>
      <line num="191" count="8" type="stmt"/>
      <line num="192" count="8" type="stmt"/>
      <line num="193" count="8" type="cond" truecount="1" falsecount="0"/>
      <line num="194" count="6" type="cond" truecount="2" falsecount="0"/>
      <line num="195" count="3" type="stmt"/>
      <line num="197" count="3" type="stmt"/>
      <line num="200" count="8" type="stmt"/>
      <line num="204" count="8" type="stmt"/>
      <line num="206" count="80" type="stmt"/>
      <line num="209" count="22" type="stmt"/>
      <line num="210" count="14" type="stmt"/>
      <line num="212" count="8" type="stmt"/>
      <line num="214" count="8" type="stmt"/>
      <line num="215" count="8" type="stmt"/>
      <line num="216" count="36" type="cond" truecount="2" falsecount="0"/>
      <line num="217" count="22" type="stmt"/>
      <line num="219" count="14" type="stmt"/>
      <line num="223" count="8" type="stmt"/>
      <line num="225" count="8" type="stmt"/>
    </file>
  </project>
</coverage>
