{"/Users/ehsan/project/dynamic-array/src/index.ts": {"path":"/Users/ehsan/project/dynamic-array/src/index.ts","statementMap":{"0":{"start":{"line":12,"column":22},"end":{"line":22,"column":50}},"1":{"start":{"line":20,"column":16},"end":{"line":20,"column":17}},"2":{"start":{"line":21,"column":35},"end":{"line":21,"column":47}},"3":{"start":{"line":25,"column":11},"end":{"line":25,"column":68}},"4":{"start":{"line":27,"column":2},"end":{"line":27,"column":27}},"5":{"start":{"line":28,"column":2},"end":{"line":28,"column":49}},"6":{"start":{"line":29,"column":2},"end":{"line":29,"column":36}},"7":{"start":{"line":33,"column":4},"end":{"line":36,"column":6}},"8":{"start":{"line":38,"column":4},"end":{"line":38,"column":56}},"9":{"start":{"line":40,"column":4},"end":{"line":40,"column":24}},"10":{"start":{"line":42,"column":4},"end":{"line":42,"column":65}},"11":{"start":{"line":74,"column":4},"end":{"line":76,"column":5}},"12":{"start":{"line":75,"column":6},"end":{"line":75,"column":44}},"13":{"start":{"line":78,"column":21},"end":{"line":78,"column":59}},"14":{"start":{"line":79,"column":25},"end":{"line":79,"column":66}},"15":{"start":{"line":80,"column":4},"end":{"line":80,"column":64}},"16":{"start":{"line":85,"column":4},"end":{"line":87,"column":5}},"17":{"start":{"line":86,"column":6},"end":{"line":86,"column":44}},"18":{"start":{"line":89,"column":21},"end":{"line":89,"column":59}},"19":{"start":{"line":90,"column":25},"end":{"line":90,"column":69}},"20":{"start":{"line":91,"column":4},"end":{"line":91,"column":61}},"21":{"start":{"line":95,"column":4},"end":{"line":95,"column":31}},"22":{"start":{"line":96,"column":4},"end":{"line":96,"column":105}},"23":{"start":{"line":98,"column":4},"end":{"line":100,"column":5}},"24":{"start":{"line":99,"column":6},"end":{"line":99,"column":58}},"25":{"start":{"line":24,"column":0},"end":{"line":24,"column":13}},"26":{"start":{"line":47,"column":4},"end":{"line":49,"column":5}},"27":{"start":{"line":48,"column":6},"end":{"line":48,"column":44}},"28":{"start":{"line":51,"column":4},"end":{"line":53,"column":5}},"29":{"start":{"line":52,"column":6},"end":{"line":52,"column":50}},"30":{"start":{"line":55,"column":4},"end":{"line":57,"column":5}},"31":{"start":{"line":56,"column":6},"end":{"line":56,"column":71}},"32":{"start":{"line":59,"column":4},"end":{"line":61,"column":5}},"33":{"start":{"line":60,"column":6},"end":{"line":60,"column":79}},"34":{"start":{"line":63,"column":4},"end":{"line":65,"column":5}},"35":{"start":{"line":64,"column":6},"end":{"line":64,"column":86}},"36":{"start":{"line":67,"column":4},"end":{"line":69,"column":5}},"37":{"start":{"line":68,"column":6},"end":{"line":68,"column":100}},"38":{"start":{"line":105,"column":62},"end":{"line":105,"column":74}},"39":{"start":{"line":106,"column":30},"end":{"line":106,"column":75}},"40":{"start":{"line":106,"column":61},"end":{"line":106,"column":74}},"41":{"start":{"line":107,"column":29},"end":{"line":107,"column":92}},"42":{"start":{"line":107,"column":78},"end":{"line":107,"column":91}},"43":{"start":{"line":109,"column":4},"end":{"line":127,"column":5}},"44":{"start":{"line":110,"column":6},"end":{"line":125,"column":7}},"45":{"start":{"line":111,"column":8},"end":{"line":115,"column":10}},"46":{"start":{"line":116,"column":8},"end":{"line":116,"column":52}},"47":{"start":{"line":117,"column":13},"end":{"line":125,"column":7}},"48":{"start":{"line":118,"column":8},"end":{"line":122,"column":10}},"49":{"start":{"line":124,"column":8},"end":{"line":124,"column":52}},"50":{"start":{"line":126,"column":6},"end":{"line":126,"column":13}},"51":{"start":{"line":129,"column":34},"end":{"line":129,"column":98}},"52":{"start":{"line":129,"column":58},"end":{"line":129,"column":97}},"53":{"start":{"line":130,"column":4},"end":{"line":151,"column":5}},"54":{"start":{"line":131,"column":6},"end":{"line":148,"column":7}},"55":{"start":{"line":132,"column":8},"end":{"line":134,"column":10}},"56":{"start":{"line":135,"column":8},"end":{"line":135,"column":60}},"57":{"start":{"line":136,"column":13},"end":{"line":148,"column":7}},"58":{"start":{"line":137,"column":8},"end":{"line":139,"column":10}},"59":{"start":{"line":140,"column":8},"end":{"line":140,"column":49}},"60":{"start":{"line":142,"column":8},"end":{"line":146,"column":10}},"61":{"start":{"line":147,"column":8},"end":{"line":147,"column":52}},"62":{"start":{"line":150,"column":6},"end":{"line":150,"column":13}},"63":{"start":{"line":153,"column":27},"end":{"line":153,"column":62}},"64":{"start":{"line":154,"column":26},"end":{"line":154,"column":58}},"65":{"start":{"line":156,"column":33},"end":{"line":156,"column":79}},"66":{"start":{"line":157,"column":33},"end":{"line":157,"column":90}},"67":{"start":{"line":161,"column":4},"end":{"line":179,"column":5}},"68":{"start":{"line":162,"column":30},"end":{"line":162,"column":58}},"69":{"start":{"line":163,"column":6},"end":{"line":168,"column":8}},"70":{"start":{"line":169,"column":6},"end":{"line":169,"column":48}},"71":{"start":{"line":171,"column":6},"end":{"line":171,"column":13}},"72":{"start":{"line":173,"column":6},"end":{"line":178,"column":8}},"73":{"start":{"line":184,"column":37},"end":{"line":184,"column":49}},"74":{"start":{"line":185,"column":22},"end":{"line":185,"column":40}},"75":{"start":{"line":186,"column":4},"end":{"line":186,"column":42}},"76":{"start":{"line":187,"column":4},"end":{"line":187,"column":53}},"77":{"start":{"line":191,"column":26},"end":{"line":191,"column":38}},"78":{"start":{"line":192,"column":16},"end":{"line":192,"column":26}},"79":{"start":{"line":193,"column":4},"end":{"line":199,"column":5}},"80":{"start":{"line":194,"column":6},"end":{"line":198,"column":7}},"81":{"start":{"line":195,"column":8},"end":{"line":195,"column":48}},"82":{"start":{"line":197,"column":8},"end":{"line":197,"column":30}},"83":{"start":{"line":200,"column":4},"end":{"line":200,"column":15}},"84":{"start":{"line":204,"column":37},"end":{"line":204,"column":49}},"85":{"start":{"line":206,"column":24},"end":{"line":206,"column":73}},"86":{"start":{"line":206,"column":52},"end":{"line":206,"column":65}},"87":{"start":{"line":209,"column":22},"end":{"line":209,"column":84}},"88":{"start":{"line":209,"column":56},"end":{"line":209,"column":82}},"89":{"start":{"line":210,"column":19},"end":{"line":210,"column":78}},"90":{"start":{"line":210,"column":50},"end":{"line":210,"column":76}},"91":{"start":{"line":212,"column":17},"end":{"line":212,"column":77}},"92":{"start":{"line":214,"column":26},"end":{"line":214,"column":28}},"93":{"start":{"line":215,"column":4},"end":{"line":221,"column":7}},"94":{"start":{"line":216,"column":6},"end":{"line":220,"column":7}},"95":{"start":{"line":217,"column":8},"end":{"line":217,"column":43}},"96":{"start":{"line":219,"column":8},"end":{"line":219,"column":40}},"97":{"start":{"line":223,"column":4},"end":{"line":223,"column":26}},"98":{"start":{"line":225,"column":4},"end":{"line":225,"column":20}}},"fnMap":{"0":{"name":"(anonymous_2)","decl":{"start":{"line":18,"column":24},"end":{"line":18,"column":27}},"loc":{"start":{"line":18,"column":29},"end":{"line":19,"column":3}}},"1":{"name":"(anonymous_3)","decl":{"start":{"line":20,"column":10},"end":{"line":20,"column":13}},"loc":{"start":{"line":20,"column":16},"end":{"line":20,"column":17}}},"2":{"name":"(anonymous_4)","decl":{"start":{"line":21,"column":16},"end":{"line":21,"column":17}},"loc":{"start":{"line":21,"column":35},"end":{"line":21,"column":47}}},"3":{"name":"(anonymous_5)","decl":{"start":{"line":31,"column":2},"end":{"line":31,"column":14}},"loc":{"start":{"line":31,"column":43},"end":{"line":43,"column":3}}},"4":{"name":"(anonymous_6)","decl":{"start":{"line":72,"column":2},"end":{"line":72,"column":8}},"loc":{"start":{"line":72,"column":48},"end":{"line":81,"column":3}}},"5":{"name":"(anonymous_7)","decl":{"start":{"line":83,"column":2},"end":{"line":83,"column":9}},"loc":{"start":{"line":83,"column":49},"end":{"line":92,"column":3}}},"6":{"name":"(anonymous_8)","decl":{"start":{"line":94,"column":2},"end":{"line":94,"column":17}},"loc":{"start":{"line":94,"column":31},"end":{"line":102,"column":3}}},"7":{"name":"_DynamicArray_updateArrayBasedOnFocusedItem","decl":{"start":{"line":70,"column":3},"end":{"line":70,"column":null}},"loc":{"start":{"line":104,"column":65},"end":{"line":181,"column":3}}},"8":{"name":"(anonymous_11)","decl":{"start":{"line":106,"column":51},"end":{"line":106,"column":52}},"loc":{"start":{"line":106,"column":61},"end":{"line":106,"column":74}}},"9":{"name":"(anonymous_12)","decl":{"start":{"line":107,"column":68},"end":{"line":107,"column":69}},"loc":{"start":{"line":107,"column":78},"end":{"line":107,"column":91}}},"10":{"name":"(anonymous_13)","decl":{"start":{"line":129,"column":48},"end":{"line":129,"column":49}},"loc":{"start":{"line":129,"column":58},"end":{"line":129,"column":97}}},"11":{"name":"_DynamicArray_updateFocusedIndex","decl":{"start":{"line":181,"column":3},"end":{"line":181,"column":null}},"loc":{"start":{"line":183,"column":45},"end":{"line":188,"column":3}}},"12":{"name":"_DynamicArray_cleanUpSourceArray","decl":{"start":{"line":188,"column":3},"end":{"line":188,"column":null}},"loc":{"start":{"line":190,"column":56},"end":{"line":201,"column":3}}},"13":{"name":"_DynamicArray_getCombinedSortedArray","decl":{"start":{"line":201,"column":3},"end":{"line":201,"column":null}},"loc":{"start":{"line":203,"column":39},"end":{"line":226,"column":3}}},"14":{"name":"(anonymous_17)","decl":{"start":{"line":206,"column":42},"end":{"line":206,"column":43}},"loc":{"start":{"line":206,"column":52},"end":{"line":206,"column":65}}},"15":{"name":"(anonymous_18)","decl":{"start":{"line":209,"column":46},"end":{"line":209,"column":47}},"loc":{"start":{"line":209,"column":56},"end":{"line":209,"column":82}}},"16":{"name":"(anonymous_19)","decl":{"start":{"line":210,"column":40},"end":{"line":210,"column":41}},"loc":{"start":{"line":210,"column":50},"end":{"line":210,"column":76}}},"17":{"name":"(anonymous_20)","decl":{"start":{"line":215,"column":17},"end":{"line":215,"column":18}},"loc":{"start":{"line":215,"column":25},"end":{"line":221,"column":5}}}},"branchMap":{"0":{"loc":{"start":{"line":74,"column":4},"end":{"line":76,"column":5}},"type":"if","locations":[{"start":{"line":74,"column":4},"end":{"line":76,"column":5}}]},"1":{"loc":{"start":{"line":85,"column":4},"end":{"line":87,"column":5}},"type":"if","locations":[{"start":{"line":85,"column":4},"end":{"line":87,"column":5}}]},"2":{"loc":{"start":{"line":96,"column":23},"end":{"line":96,"column":104}},"type":"cond-expr","locations":[{"start":{"line":96,"column":52},"end":{"line":96,"column":56}},{"start":{"line":96,"column":59},"end":{"line":96,"column":104}}]},"3":{"loc":{"start":{"line":98,"column":4},"end":{"line":100,"column":5}},"type":"if","locations":[{"start":{"line":98,"column":4},"end":{"line":100,"column":5}}]},"4":{"loc":{"start":{"line":47,"column":4},"end":{"line":49,"column":5}},"type":"if","locations":[{"start":{"line":47,"column":4},"end":{"line":49,"column":5}}]},"5":{"loc":{"start":{"line":51,"column":4},"end":{"line":53,"column":5}},"type":"if","locations":[{"start":{"line":51,"column":4},"end":{"line":53,"column":5}}]},"6":{"loc":{"start":{"line":55,"column":4},"end":{"line":57,"column":5}},"type":"if","locations":[{"start":{"line":55,"column":4},"end":{"line":57,"column":5}}]},"7":{"loc":{"start":{"line":59,"column":4},"end":{"line":61,"column":5}},"type":"if","locations":[{"start":{"line":59,"column":4},"end":{"line":61,"column":5}}]},"8":{"loc":{"start":{"line":63,"column":4},"end":{"line":65,"column":5}},"type":"if","locations":[{"start":{"line":63,"column":4},"end":{"line":65,"column":5}}]},"9":{"loc":{"start":{"line":67,"column":4},"end":{"line":69,"column":5}},"type":"if","locations":[{"start":{"line":67,"column":4},"end":{"line":69,"column":5}}]},"10":{"loc":{"start":{"line":109,"column":4},"end":{"line":127,"column":5}},"type":"if","locations":[{"start":{"line":109,"column":4},"end":{"line":127,"column":5}}]},"11":{"loc":{"start":{"line":109,"column":8},"end":{"line":109,"column":59}},"type":"binary-expr","locations":[{"start":{"line":109,"column":8},"end":{"line":109,"column":32}},{"start":{"line":109,"column":36},"end":{"line":109,"column":59}}]},"12":{"loc":{"start":{"line":110,"column":6},"end":{"line":125,"column":7}},"type":"if","locations":[{"start":{"line":110,"column":6},"end":{"line":125,"column":7}},{"start":{"line":117,"column":13},"end":{"line":125,"column":7}}]},"13":{"loc":{"start":{"line":117,"column":13},"end":{"line":125,"column":7}},"type":"if","locations":[{"start":{"line":117,"column":13},"end":{"line":125,"column":7}}]},"14":{"loc":{"start":{"line":130,"column":4},"end":{"line":151,"column":5}},"type":"if","locations":[{"start":{"line":130,"column":4},"end":{"line":151,"column":5}}]},"15":{"loc":{"start":{"line":131,"column":6},"end":{"line":148,"column":7}},"type":"if","locations":[{"start":{"line":131,"column":6},"end":{"line":148,"column":7}},{"start":{"line":136,"column":13},"end":{"line":148,"column":7}}]},"16":{"loc":{"start":{"line":136,"column":13},"end":{"line":148,"column":7}},"type":"if","locations":[{"start":{"line":136,"column":13},"end":{"line":148,"column":7}},{"start":{"line":141,"column":13},"end":{"line":148,"column":7}}]},"17":{"loc":{"start":{"line":161,"column":4},"end":{"line":179,"column":5}},"type":"if","locations":[{"start":{"line":161,"column":4},"end":{"line":179,"column":5}},{"start":{"line":172,"column":11},"end":{"line":179,"column":5}}]},"18":{"loc":{"start":{"line":161,"column":8},"end":{"line":161,"column":52}},"type":"binary-expr","locations":[{"start":{"line":161,"column":8},"end":{"line":161,"column":28}},{"start":{"line":161,"column":32},"end":{"line":161,"column":52}}]},"19":{"loc":{"start":{"line":193,"column":4},"end":{"line":199,"column":5}},"type":"if","locations":[{"start":{"line":193,"column":4},"end":{"line":199,"column":5}}]},"20":{"loc":{"start":{"line":194,"column":6},"end":{"line":198,"column":7}},"type":"if","locations":[{"start":{"line":194,"column":6},"end":{"line":198,"column":7}},{"start":{"line":196,"column":13},"end":{"line":198,"column":7}}]},"21":{"loc":{"start":{"line":216,"column":6},"end":{"line":220,"column":7}},"type":"if","locations":[{"start":{"line":216,"column":6},"end":{"line":220,"column":7}},{"start":{"line":218,"column":13},"end":{"line":220,"column":7}}]}},"s":{"0":1,"1":0,"2":0,"3":6,"4":6,"5":6,"6":6,"7":6,"8":6,"9":6,"10":2,"11":4,"12":1,"13":4,"14":4,"15":4,"16":4,"17":1,"18":4,"19":4,"20":4,"21":9,"22":9,"23":9,"24":0,"25":1,"26":6,"27":0,"28":6,"29":0,"30":6,"31":1,"32":5,"33":1,"34":4,"35":1,"36":3,"37":1,"38":8,"39":8,"40":48,"41":8,"42":42,"43":8,"44":2,"45":1,"46":1,"47":1,"48":1,"49":1,"50":2,"51":6,"52":20,"53":6,"54":3,"55":2,"56":2,"57":1,"58":1,"59":1,"60":0,"61":0,"62":3,"63":3,"64":3,"65":3,"66":3,"67":3,"68":2,"69":2,"70":2,"71":2,"72":1,"73":7,"74":7,"75":7,"76":7,"77":8,"78":8,"79":8,"80":6,"81":3,"82":3,"83":8,"84":8,"85":8,"86":80,"87":8,"88":22,"89":8,"90":14,"91":8,"92":8,"93":8,"94":36,"95":22,"96":14,"97":8,"98":8},"f":{"0":0,"1":0,"2":0,"3":6,"4":4,"5":4,"6":9,"7":8,"8":48,"9":42,"10":20,"11":7,"12":8,"13":8,"14":80,"15":22,"16":14,"17":36},"b":{"0":[1],"1":[1],"2":[0,9],"3":[0],"4":[0],"5":[0],"6":[1],"7":[1],"8":[1],"9":[1],"10":[2],"11":[8,2],"12":[1,1],"13":[1],"14":[3],"15":[2,1],"16":[1,0],"17":[2,1],"18":[3,2],"19":[6],"20":[3,3],"21":[22,14]}}
}
