TN:
SF:src/index.ts
FN:18,(anonymous_2)
FN:20,(anonymous_3)
FN:21,(anonymous_4)
FN:31,(anonymous_5)
FN:72,(anonymous_6)
FN:83,(anonymous_7)
FN:94,(anonymous_8)
FN:70,_DynamicArray_updateArrayBasedOnFocusedItem
FN:106,(anonymous_11)
FN:107,(anonymous_12)
FN:129,(anonymous_13)
FN:181,_DynamicArray_updateFocusedIndex
FN:188,_DynamicArray_cleanUpSourceArray
FN:201,_DynamicArray_getCombinedSortedArray
FN:206,(anonymous_17)
FN:209,(anonymous_18)
FN:210,(anonymous_19)
FN:215,(anonymous_20)
FNF:18
FNH:15
FNDA:0,(anonymous_2)
FNDA:0,(anonymous_3)
FNDA:0,(anonymous_4)
FNDA:6,(anonymous_5)
FNDA:4,(anonymous_6)
FNDA:4,(anonymous_7)
FNDA:9,(anonymous_8)
FNDA:8,_DynamicArray_updateArrayBasedOnFocusedItem
FNDA:48,(anonymous_11)
FNDA:42,(anonymous_12)
FNDA:20,(anonymous_13)
FNDA:7,_DynamicArray_updateFocusedIndex
FNDA:8,_DynamicArray_cleanUpSourceArray
FNDA:8,_DynamicArray_getCombinedSortedArray
FNDA:80,(anonymous_17)
FNDA:22,(anonymous_18)
FNDA:14,(anonymous_19)
FNDA:36,(anonymous_20)
DA:12,1
DA:20,0
DA:21,0
DA:24,1
DA:25,6
DA:27,6
DA:28,6
DA:29,6
DA:33,6
DA:38,6
DA:40,6
DA:42,2
DA:47,6
DA:48,0
DA:51,6
DA:52,0
DA:55,6
DA:56,1
DA:59,5
DA:60,1
DA:63,4
DA:64,1
DA:67,3
DA:68,1
DA:74,4
DA:75,1
DA:78,4
DA:79,4
DA:80,4
DA:85,4
DA:86,1
DA:89,4
DA:90,4
DA:91,4
DA:95,9
DA:96,9
DA:98,9
DA:99,0
DA:105,8
DA:106,48
DA:107,42
DA:109,8
DA:110,2
DA:111,1
DA:116,1
DA:117,1
DA:118,1
DA:124,1
DA:126,2
DA:129,20
DA:130,6
DA:131,3
DA:132,2
DA:135,2
DA:136,1
DA:137,1
DA:140,1
DA:142,0
DA:147,0
DA:150,3
DA:153,3
DA:154,3
DA:156,3
DA:157,3
DA:161,3
DA:162,2
DA:163,2
DA:169,2
DA:171,2
DA:173,1
DA:184,7
DA:185,7
DA:186,7
DA:187,7
DA:191,8
DA:192,8
DA:193,8
DA:194,6
DA:195,3
DA:197,3
DA:200,8
DA:204,8
DA:206,80
DA:209,22
DA:210,14
DA:212,8
DA:214,8
DA:215,8
DA:216,36
DA:217,22
DA:219,14
DA:223,8
DA:225,8
LF:93
LH:86
BRDA:74,0,0,1
BRDA:85,1,0,1
BRDA:96,2,0,0
BRDA:96,2,1,9
BRDA:98,3,0,0
BRDA:47,4,0,0
BRDA:51,5,0,0
BRDA:55,6,0,1
BRDA:59,7,0,1
BRDA:63,8,0,1
BRDA:67,9,0,1
BRDA:109,10,0,2
BRDA:109,11,0,8
BRDA:109,11,1,2
BRDA:110,12,0,1
BRDA:110,12,1,1
BRDA:117,13,0,1
BRDA:130,14,0,3
BRDA:131,15,0,2
BRDA:131,15,1,1
BRDA:136,16,0,1
BRDA:136,16,1,0
BRDA:161,17,0,2
BRDA:161,17,1,1
BRDA:161,18,0,3
BRDA:161,18,1,2
BRDA:193,19,0,6
BRDA:194,20,0,3
BRDA:194,20,1,3
BRDA:216,21,0,22
BRDA:216,21,1,14
BRF:31
BRH:26
end_of_record
